This file contains any messages produced by compilers while
running configure, to aid debugging if configure makes a mistake.

It was created by myShell configure 1.0, which was
generated by GNU Autoconf 2.69.  Invocation command line was

  $ ./configure 

## --------- ##
## Platform. ##
## --------- ##

hostname = dhcp-892bcd6a.ucd.ie
uname -m = x86_64
uname -r = 18.5.0
uname -s = Darwin
uname -v = Darwin Kernel Version 18.5.0: Mon Mar 11 20:40:32 PDT 2019; root:xnu-4903.251.3~3/RELEASE_X86_64

/usr/bin/uname -p = i386
/bin/uname -X     = unknown

/bin/arch              = unknown
/usr/bin/arch -k       = unknown
/usr/convex/getsysinfo = unknown
/usr/bin/hostinfo      = Mach kernel version:
	 Darwin Kernel Version 18.5.0: Mon Mar 11 20:40:32 PDT 2019; root:xnu-4903.251.3~3/RELEASE_X86_64
Kernel configured for up to 4 processors.
2 processors are physically available.
4 processors are logically available.
Processor type: x86_64h (Intel x86-64h Haswell)
Processors active: 0 1 2 3
Primary memory available: 8.00 gigabytes
Default processor set: 450 tasks, 1770 threads, 4 processors
Load average: 2.69, Mach factor: 1.39
/bin/machine           = unknown
/usr/bin/oslevel       = unknown
/bin/universe          = unknown

PATH: /Users/patrickhession/.rvm/gems/ruby-2.6.0/bin
PATH: /Users/patrickhession/.rvm/gems/ruby-2.6.0@global/bin
PATH: /Users/patrickhession/.rvm/rubies/ruby-2.6.0/bin
PATH: /anaconda3/bin
PATH: /opt/local/bin
PATH: /opt/local/sbin
PATH: /Library/Frameworks/Python.framework/Versions/3.7/bin
PATH: /Library/Frameworks/Python.framework/Versions/3.7/bin
PATH: /Users/patrickhession/Library/Python/2.7/bin
PATH: /Users/patrickhession/Library/Python/2.7/bin
PATH: /Library/Frameworks/Python.framework/Versions/3.6/bin
PATH: /Library/Frameworks/Python.framework/Versions/3.6/bin
PATH: /usr/local/bin
PATH: /usr/bin
PATH: /bin
PATH: /usr/sbin
PATH: /sbin
PATH: /Applications/VMware Fusion.app/Contents/Public
PATH: /usr/local/go/bin
PATH: /Applications/Wireshark.app/Contents/MacOS
PATH: /Users/patrickhession/.rvm/bin


## ----------- ##
## Core tests. ##
## ----------- ##

configure:1828: checking for a BSD-compatible install
configure:1896: result: /usr/local/bin/ginstall -c
configure:1907: checking whether build environment is sane
configure:1962: result: yes
configure:2113: checking for a thread-safe mkdir -p
configure:2152: result: /usr/local/bin/gmkdir -p
configure:2159: checking for gawk
configure:2189: result: no
configure:2159: checking for mawk
configure:2189: result: no
configure:2159: checking for nawk
configure:2189: result: no
configure:2159: checking for awk
configure:2175: found /usr/bin/awk
configure:2186: result: awk
configure:2197: checking whether make sets $(MAKE)
configure:2219: result: yes
configure:2248: checking whether make supports nested variables
configure:2265: result: yes
configure:2440: checking for gcc
configure:2456: found /usr/bin/gcc
configure:2467: result: gcc
configure:2696: checking for C compiler version
configure:2705: gcc --version >&5
Apple LLVM version 10.0.1 (clang-1001.0.46.3)
Target: x86_64-apple-darwin18.5.0
Thread model: posix
InstalledDir: /Library/Developer/CommandLineTools/usr/bin
Configured with: --prefix=/Library/Developer/CommandLineTools/usr --with-gxx-include-dir=/Library/Developer/CommandLineTools/SDKs/MacOSX10.14.sdk/usr/include/c++/4.2.1
configure:2716: $? = 0
configure:2705: gcc -v >&5
Configured with: --prefix=/Library/Developer/CommandLineTools/usr --with-gxx-include-dir=/Library/Developer/CommandLineTools/SDKs/MacOSX10.14.sdk/usr/include/c++/4.2.1
Apple LLVM version 10.0.1 (clang-1001.0.46.3)
Target: x86_64-apple-darwin18.5.0
Thread model: posix
InstalledDir: /Library/Developer/CommandLineTools/usr/bin
configure:2716: $? = 0
configure:2705: gcc -V >&5
clang: error: unsupported option '-V -Wno-atomic-implicit-seq-cst'
clang: error: no input files
configure:2716: $? = 1
configure:2705: gcc -qversion >&5
clang: error: unknown argument '-qversion', did you mean '--version'?
clang: error: no input files
configure:2716: $? = 1
configure:2736: checking whether the C compiler works
configure:2758: gcc  -std=c11   conftest.c  >&5
configure:2762: $? = 0
configure:2810: result: yes
configure:2813: checking for C compiler default output file name
configure:2815: result: a.out
configure:2821: checking for suffix of executables
configure:2828: gcc -o conftest  -std=c11   conftest.c  >&5
configure:2832: $? = 0
configure:2854: result: 
configure:2876: checking whether we are cross compiling
configure:2884: gcc -o conftest  -std=c11   conftest.c  >&5
configure:2888: $? = 0
configure:2895: ./conftest
configure:2899: $? = 0
configure:2914: result: no
configure:2919: checking for suffix of object files
configure:2941: gcc -c  -std=c11  conftest.c >&5
configure:2945: $? = 0
configure:2966: result: o
configure:2970: checking whether we are using the GNU C compiler
configure:2989: gcc -c  -std=c11  conftest.c >&5
configure:2989: $? = 0
configure:2998: result: yes
configure:3007: checking whether gcc accepts -g
configure:3027: gcc -c -g  conftest.c >&5
configure:3027: $? = 0
configure:3068: result: yes
configure:3085: checking for gcc option to accept ISO C89
configure:3148: gcc  -c  -std=c11  conftest.c >&5
configure:3148: $? = 0
configure:3161: result: none needed
configure:3186: checking whether gcc understands -c and -o together
configure:3208: gcc -c conftest.c -o conftest2.o
configure:3211: $? = 0
configure:3208: gcc -c conftest.c -o conftest2.o
configure:3211: $? = 0
configure:3223: result: yes
configure:3243: checking whether make supports the include directive
configure:3258: make -f confmf.GNU && cat confinc.out
this is the am__doit target
configure:3261: $? = 0
configure:3280: result: yes (GNU style)
configure:3305: checking dependency style of gcc
configure:3416: result: gcc3
configure:3578: checking that generated files are newer than configure
configure:3584: result: done
configure:3607: creating ./config.status

## ---------------------- ##
## Running config.status. ##
## ---------------------- ##

This file was extended by myShell config.status 1.0, which was
generated by GNU Autoconf 2.69.  Invocation command line was

  CONFIG_FILES    = 
  CONFIG_HEADERS  = 
  CONFIG_LINKS    = 
  CONFIG_COMMANDS = 
  $ ./config.status 

on dhcp-892bcd6a.ucd.ie

config.status:772: creating Makefile
config.status:944: executing depfiles commands
config.status:1021: cd .       && sed -e '/# am--include-marker/d' Makefile         | make -f - am--depfiles
make: Nothing to be done for `am--depfiles'.
config.status:1026: $? = 0

## ---------------- ##
## Cache variables. ##
## ---------------- ##

ac_cv_c_compiler_gnu=yes
ac_cv_env_CC_set=
ac_cv_env_CC_value=
ac_cv_env_CFLAGS_set=
ac_cv_env_CFLAGS_value=
ac_cv_env_CPPFLAGS_set=
ac_cv_env_CPPFLAGS_value=
ac_cv_env_LDFLAGS_set=
ac_cv_env_LDFLAGS_value=
ac_cv_env_LIBS_set=
ac_cv_env_LIBS_value=
ac_cv_env_build_alias_set=
ac_cv_env_build_alias_value=
ac_cv_env_host_alias_set=
ac_cv_env_host_alias_value=
ac_cv_env_target_alias_set=
ac_cv_env_target_alias_value=
ac_cv_objext=o
ac_cv_path_install='/usr/local/bin/ginstall -c'
ac_cv_path_mkdir=/usr/local/bin/gmkdir
ac_cv_prog_AWK=awk
ac_cv_prog_ac_ct_CC=gcc
ac_cv_prog_cc_c89=
ac_cv_prog_cc_g=yes
ac_cv_prog_make_make_set=yes
am_cv_CC_dependencies_compiler_type=gcc3
am_cv_make_support_nested_variables=yes
am_cv_prog_cc_c_o=yes

## ----------------- ##
## Output variables. ##
## ----------------- ##

ACLOCAL='${SHELL} "/Users/patrickhession/Downloads/UNIXAssignment2 2/missing" aclocal-1.16'
AMDEPBACKSLASH='\'
AMDEP_FALSE='#'
AMDEP_TRUE=''
AMTAR='$${TAR-tar}'
AM_BACKSLASH='\'
AM_DEFAULT_V='$(AM_DEFAULT_VERBOSITY)'
AM_DEFAULT_VERBOSITY='1'
AM_V='$(V)'
AUTOCONF='${SHELL} "/Users/patrickhession/Downloads/UNIXAssignment2 2/missing" autoconf'
AUTOHEADER='${SHELL} "/Users/patrickhession/Downloads/UNIXAssignment2 2/missing" autoheader'
AUTOMAKE='${SHELL} "/Users/patrickhession/Downloads/UNIXAssignment2 2/missing" automake-1.16'
AWK='awk'
CC='gcc'
CCDEPMODE='depmode=gcc3'
CFLAGS=' -std=c11'
CPPFLAGS=''
CYGPATH_W='echo'
DEFS='-DPACKAGE_NAME=\"myShell\" -DPACKAGE_TARNAME=\"myshell\" -DPACKAGE_VERSION=\"1.0\" -DPACKAGE_STRING=\"myShell\ 1.0\" -DPACKAGE_BUGREPORT=\"\" -DPACKAGE_URL=\"\" -DPACKAGE=\"myshell\" -DVERSION=\"1.0\"'
DEPDIR='.deps'
ECHO_C='\c'
ECHO_N=''
ECHO_T=''
EXEEXT=''
INSTALL_DATA='${INSTALL} -m 644'
INSTALL_PROGRAM='${INSTALL}'
INSTALL_SCRIPT='${INSTALL}'
INSTALL_STRIP_PROGRAM='$(install_sh) -c -s'
LDFLAGS=''
LIBOBJS=''
LIBS=''
LTLIBOBJS=''
MAKEINFO='${SHELL} "/Users/patrickhession/Downloads/UNIXAssignment2 2/missing" makeinfo'
MKDIR_P='/usr/local/bin/gmkdir -p'
OBJEXT='o'
PACKAGE='myshell'
PACKAGE_BUGREPORT=''
PACKAGE_NAME='myShell'
PACKAGE_STRING='myShell 1.0'
PACKAGE_TARNAME='myshell'
PACKAGE_URL=''
PACKAGE_VERSION='1.0'
PATH_SEPARATOR=':'
SET_MAKE=''
SHELL='/bin/sh'
STRIP=''
VERSION='1.0'
ac_ct_CC='gcc'
am__EXEEXT_FALSE=''
am__EXEEXT_TRUE='#'
am__fastdepCC_FALSE='#'
am__fastdepCC_TRUE=''
am__include='include'
am__isrc=''
am__leading_dot='.'
am__nodep='_no'
am__quote=''
am__tar='$${TAR-tar} chof - "$$tardir"'
am__untar='$${TAR-tar} xf -'
bindir='${exec_prefix}/bin'
build_alias=''
datadir='${datarootdir}'
datarootdir='${prefix}/share'
docdir='${datarootdir}/doc/${PACKAGE_TARNAME}'
dvidir='${docdir}'
exec_prefix='${prefix}'
host_alias=''
htmldir='${docdir}'
includedir='${prefix}/include'
infodir='${datarootdir}/info'
install_sh='${SHELL} '\''/Users/patrickhession/Downloads/UNIXAssignment2 2/install-sh'\'''
libdir='${exec_prefix}/lib'
libexecdir='${exec_prefix}/libexec'
localedir='${datarootdir}/locale'
localstatedir='${prefix}/var'
mandir='${datarootdir}/man'
mkdir_p='$(MKDIR_P)'
oldincludedir='/usr/include'
pdfdir='${docdir}'
prefix='/usr/local'
program_transform_name='s,x,x,'
psdir='${docdir}'
sbindir='${exec_prefix}/sbin'
sharedstatedir='${prefix}/com'
sysconfdir='${prefix}/etc'
target_alias=''

## ----------- ##
## confdefs.h. ##
## ----------- ##

/* confdefs.h */
#define PACKAGE_NAME "myShell"
#define PACKAGE_TARNAME "myshell"
#define PACKAGE_VERSION "1.0"
#define PACKAGE_STRING "myShell 1.0"
#define PACKAGE_BUGREPORT ""
#define PACKAGE_URL ""
#define PACKAGE "myshell"
#define VERSION "1.0"

configure: exit 0
